mode: set
github.com/att-comdev/jarvis-connector/cmd/connector/main.go:43.13,59.21 10 0
github.com/att-comdev/jarvis-connector/cmd/connector/main.go:62.2,63.16 2 0
github.com/att-comdev/jarvis-connector/cmd/connector/main.go:67.2,67.20 1 0
github.com/att-comdev/jarvis-connector/cmd/connector/main.go:70.2,71.16 2 0
github.com/att-comdev/jarvis-connector/cmd/connector/main.go:75.2,77.10 2 0
github.com/att-comdev/jarvis-connector/cmd/connector/main.go:59.21,61.3 1 0
github.com/att-comdev/jarvis-connector/cmd/connector/main.go:63.16,65.3 1 0
github.com/att-comdev/jarvis-connector/cmd/connector/main.go:67.20,69.3 1 0
github.com/att-comdev/jarvis-connector/cmd/connector/main.go:71.16,73.3 1 0
github.com/att-comdev/jarvis-connector/cmd/connector/main.go:77.10,80.17 2 0
github.com/att-comdev/jarvis-connector/cmd/connector/main.go:84.3,84.13 1 0
github.com/att-comdev/jarvis-connector/cmd/connector/main.go:80.17,82.4 1 0
github.com/att-comdev/jarvis-connector/cmd/connector/main.go:85.8,85.31 1 0
github.com/att-comdev/jarvis-connector/cmd/connector/main.go:85.31,86.17 1 0
github.com/att-comdev/jarvis-connector/cmd/connector/main.go:90.3,90.19 1 0
github.com/att-comdev/jarvis-connector/cmd/connector/main.go:94.3,95.17 2 0
github.com/att-comdev/jarvis-connector/cmd/connector/main.go:98.3,100.13 2 0
github.com/att-comdev/jarvis-connector/cmd/connector/main.go:86.17,88.4 1 0
github.com/att-comdev/jarvis-connector/cmd/connector/main.go:90.19,92.4 1 0
github.com/att-comdev/jarvis-connector/cmd/connector/main.go:95.17,97.4 1 0
github.com/att-comdev/jarvis-connector/cmd/connector/main.go:101.8,102.29 1 0
github.com/att-comdev/jarvis-connector/cmd/connector/main.go:105.3,106.17 2 0
github.com/att-comdev/jarvis-connector/cmd/connector/main.go:110.3,114.38 4 0
github.com/att-comdev/jarvis-connector/cmd/connector/main.go:102.29,104.4 1 0
github.com/att-comdev/jarvis-connector/cmd/connector/main.go:106.17,108.4 1 0
github.com/att-comdev/jarvis-connector/services/basic_auth_service.go:11.42,18.2 4 1
github.com/att-comdev/jarvis-connector/services/basic_auth_service.go:31.58,34.2 2 1
github.com/att-comdev/jarvis-connector/services/gerrit_checker_service.go:36.109,47.16 6 1
github.com/att-comdev/jarvis-connector/services/gerrit_checker_service.go:51.2,52.55 2 1
github.com/att-comdev/jarvis-connector/services/gerrit_checker_service.go:56.2,56.17 1 1
github.com/att-comdev/jarvis-connector/services/gerrit_checker_service.go:47.16,49.3 1 0
github.com/att-comdev/jarvis-connector/services/gerrit_checker_service.go:52.55,54.3 1 0
github.com/att-comdev/jarvis-connector/services/gerrit_checker_service.go:60.84,66.37 5 1
github.com/att-comdev/jarvis-connector/services/gerrit_checker_service.go:121.2,121.12 1 1
github.com/att-comdev/jarvis-connector/services/gerrit_checker_service.go:66.37,76.17 5 1
github.com/att-comdev/jarvis-connector/services/gerrit_checker_service.go:80.3,85.10 5 1
github.com/att-comdev/jarvis-connector/services/gerrit_checker_service.go:89.3,90.27 2 1
github.com/att-comdev/jarvis-connector/services/gerrit_checker_service.go:101.3,103.22 3 1
github.com/att-comdev/jarvis-connector/services/gerrit_checker_service.go:107.3,117.69 4 1
github.com/att-comdev/jarvis-connector/services/gerrit_checker_service.go:76.17,78.4 1 0
github.com/att-comdev/jarvis-connector/services/gerrit_checker_service.go:85.10,87.4 1 0
github.com/att-comdev/jarvis-connector/services/gerrit_checker_service.go:90.27,92.4 1 0
github.com/att-comdev/jarvis-connector/services/gerrit_checker_service.go:92.9,92.24 1 1
github.com/att-comdev/jarvis-connector/services/gerrit_checker_service.go:92.24,95.4 2 0
github.com/att-comdev/jarvis-connector/services/gerrit_checker_service.go:95.9,95.28 1 1
github.com/att-comdev/jarvis-connector/services/gerrit_checker_service.go:95.28,97.4 1 1
github.com/att-comdev/jarvis-connector/services/gerrit_checker_service.go:97.9,100.4 2 0
github.com/att-comdev/jarvis-connector/services/gerrit_checker_service.go:103.22,105.4 1 0
github.com/att-comdev/jarvis-connector/services/gerrit_checker_service.go:117.69,119.4 1 0
github.com/att-comdev/jarvis-connector/services/gerrit_checker_service.go:125.78,128.22 3 1
github.com/att-comdev/jarvis-connector/services/gerrit_checker_service.go:131.2,131.24 1 1
github.com/att-comdev/jarvis-connector/services/gerrit_checker_service.go:128.22,130.3 1 1
github.com/att-comdev/jarvis-connector/services/gerrit_checker_service.go:135.124,141.16 3 1
github.com/att-comdev/jarvis-connector/services/gerrit_checker_service.go:145.2,146.16 2 1
github.com/att-comdev/jarvis-connector/services/gerrit_checker_service.go:150.2,151.51 2 1
github.com/att-comdev/jarvis-connector/services/gerrit_checker_service.go:155.2,155.18 1 1
github.com/att-comdev/jarvis-connector/services/gerrit_checker_service.go:141.16,143.3 1 0
github.com/att-comdev/jarvis-connector/services/gerrit_checker_service.go:146.16,148.3 1 0
github.com/att-comdev/jarvis-connector/services/gerrit_checker_service.go:151.51,153.3 1 0
github.com/att-comdev/jarvis-connector/services/gerrit_checker_service.go:160.148,178.16 5 1
github.com/att-comdev/jarvis-connector/services/gerrit_checker_service.go:182.2,185.16 3 1
github.com/att-comdev/jarvis-connector/services/gerrit_checker_service.go:189.2,192.31 4 1
github.com/att-comdev/jarvis-connector/services/gerrit_checker_service.go:178.16,180.3 1 0
github.com/att-comdev/jarvis-connector/services/gerrit_checker_service.go:185.16,187.3 1 0
github.com/att-comdev/jarvis-connector/services/gerrit_submission_service.go:27.91,40.16 10 1
github.com/att-comdev/jarvis-connector/services/gerrit_submission_service.go:44.2,45.55 2 1
github.com/att-comdev/jarvis-connector/services/gerrit_submission_service.go:49.2,50.26 2 1
github.com/att-comdev/jarvis-connector/services/gerrit_submission_service.go:57.2,57.23 1 1
github.com/att-comdev/jarvis-connector/services/gerrit_submission_service.go:40.16,42.3 1 0
github.com/att-comdev/jarvis-connector/services/gerrit_submission_service.go:45.55,47.3 1 0
github.com/att-comdev/jarvis-connector/services/gerrit_submission_service.go:50.26,52.91 1 1
github.com/att-comdev/jarvis-connector/services/gerrit_submission_service.go:52.91,54.4 1 1
github.com/att-comdev/jarvis-connector/services/gerrit_submission_service.go:62.94,63.45 1 1
github.com/att-comdev/jarvis-connector/services/gerrit_submission_service.go:68.2,68.54 1 1
github.com/att-comdev/jarvis-connector/services/gerrit_submission_service.go:73.2,73.12 1 1
github.com/att-comdev/jarvis-connector/services/gerrit_submission_service.go:63.45,66.3 2 0
github.com/att-comdev/jarvis-connector/services/gerrit_submission_service.go:68.54,71.3 2 0
github.com/att-comdev/jarvis-connector/services/gerrit_submission_service.go:77.89,95.16 6 1
github.com/att-comdev/jarvis-connector/services/gerrit_submission_service.go:98.2,99.16 2 1
github.com/att-comdev/jarvis-connector/services/gerrit_submission_service.go:103.2,103.12 1 1
github.com/att-comdev/jarvis-connector/services/gerrit_submission_service.go:95.16,97.3 1 0
github.com/att-comdev/jarvis-connector/services/gerrit_submission_service.go:99.16,101.3 1 0
github.com/att-comdev/jarvis-connector/services/gerrit_submission_service.go:107.98,109.16 2 1
github.com/att-comdev/jarvis-connector/services/gerrit_submission_service.go:113.2,132.16 5 1
github.com/att-comdev/jarvis-connector/services/gerrit_submission_service.go:136.2,136.12 1 1
github.com/att-comdev/jarvis-connector/services/gerrit_submission_service.go:109.16,111.3 1 0
github.com/att-comdev/jarvis-connector/services/gerrit_submission_service.go:132.16,134.3 1 0
github.com/att-comdev/jarvis-connector/services/gerrit_submission_service.go:141.85,149.16 3 1
github.com/att-comdev/jarvis-connector/services/gerrit_submission_service.go:152.2,153.55 2 1
github.com/att-comdev/jarvis-connector/services/gerrit_submission_service.go:157.2,157.32 1 1
github.com/att-comdev/jarvis-connector/services/gerrit_submission_service.go:163.2,163.16 1 1
github.com/att-comdev/jarvis-connector/services/gerrit_submission_service.go:149.16,151.3 1 0
github.com/att-comdev/jarvis-connector/services/gerrit_submission_service.go:153.55,155.3 1 0
github.com/att-comdev/jarvis-connector/services/gerrit_submission_service.go:157.32,158.38 1 1
github.com/att-comdev/jarvis-connector/services/gerrit_submission_service.go:158.38,160.4 1 0
github.com/att-comdev/jarvis-connector/services/server_service.go:42.45,44.2 1 0
github.com/att-comdev/jarvis-connector/services/server_service.go:47.49,49.2 1 0
github.com/att-comdev/jarvis-connector/services/server_service.go:52.92,57.84 4 0
github.com/att-comdev/jarvis-connector/services/server_service.go:61.2,61.71 1 0
github.com/att-comdev/jarvis-connector/services/server_service.go:57.84,59.3 1 0
github.com/att-comdev/jarvis-connector/services/server_service.go:61.71,63.3 1 0
github.com/att-comdev/jarvis-connector/services/server_service.go:67.92,70.72 3 0
github.com/att-comdev/jarvis-connector/services/server_service.go:75.2,76.16 2 0
github.com/att-comdev/jarvis-connector/services/server_service.go:79.2,79.33 1 0
github.com/att-comdev/jarvis-connector/services/server_service.go:83.2,84.16 2 0
github.com/att-comdev/jarvis-connector/services/server_service.go:87.2,87.29 1 0
github.com/att-comdev/jarvis-connector/services/server_service.go:91.2,92.33 2 0
github.com/att-comdev/jarvis-connector/services/server_service.go:70.72,73.3 1 0
github.com/att-comdev/jarvis-connector/services/server_service.go:76.16,78.3 1 0
github.com/att-comdev/jarvis-connector/services/server_service.go:79.33,81.3 1 0
github.com/att-comdev/jarvis-connector/services/server_service.go:84.16,86.3 1 0
github.com/att-comdev/jarvis-connector/services/server_service.go:87.29,89.3 1 0
github.com/att-comdev/jarvis-connector/services/server_service.go:96.109,99.72 3 0
github.com/att-comdev/jarvis-connector/services/server_service.go:102.2,103.16 2 0
github.com/att-comdev/jarvis-connector/services/server_service.go:106.2,106.33 1 0
github.com/att-comdev/jarvis-connector/services/server_service.go:110.2,111.16 2 0
github.com/att-comdev/jarvis-connector/services/server_service.go:114.2,114.29 1 0
github.com/att-comdev/jarvis-connector/services/server_service.go:118.2,119.33 2 0
github.com/att-comdev/jarvis-connector/services/server_service.go:99.72,101.3 1 0
github.com/att-comdev/jarvis-connector/services/server_service.go:103.16,105.3 1 0
github.com/att-comdev/jarvis-connector/services/server_service.go:106.33,108.3 1 0
github.com/att-comdev/jarvis-connector/services/server_service.go:111.16,113.3 1 0
github.com/att-comdev/jarvis-connector/services/server_service.go:114.29,116.3 1 0
github.com/att-comdev/jarvis-connector/services/server_service.go:123.60,125.16 2 0
github.com/att-comdev/jarvis-connector/services/server_service.go:128.2,129.16 2 0
github.com/att-comdev/jarvis-connector/services/server_service.go:132.2,132.29 1 0
github.com/att-comdev/jarvis-connector/services/server_service.go:136.2,137.33 2 0
github.com/att-comdev/jarvis-connector/services/server_service.go:125.16,127.3 1 0
github.com/att-comdev/jarvis-connector/services/server_service.go:129.16,131.3 1 0
github.com/att-comdev/jarvis-connector/services/server_service.go:132.29,134.3 1 0
github.com/att-comdev/jarvis-connector/services/server_service.go:141.74,143.34 2 0
github.com/att-comdev/jarvis-connector/services/server_service.go:149.2,149.19 1 0
github.com/att-comdev/jarvis-connector/services/server_service.go:156.2,156.31 1 0
github.com/att-comdev/jarvis-connector/services/server_service.go:143.34,144.65 1 0
github.com/att-comdev/jarvis-connector/services/server_service.go:144.65,146.4 1 0
github.com/att-comdev/jarvis-connector/services/server_service.go:149.19,150.29 1 0
github.com/att-comdev/jarvis-connector/services/server_service.go:150.29,152.4 1 0
github.com/att-comdev/jarvis-connector/services/server_service.go:152.9,154.4 1 0
github.com/att-comdev/jarvis-connector/services/status_service.go:35.44,37.2 1 1
github.com/att-comdev/jarvis-connector/cmd/connector/controllers/checker_controller.go:30.116,47.16 6 1
github.com/att-comdev/jarvis-connector/cmd/connector/controllers/checker_controller.go:51.2,52.12 2 1
github.com/att-comdev/jarvis-connector/cmd/connector/controllers/checker_controller.go:55.2,60.16 3 1
github.com/att-comdev/jarvis-connector/cmd/connector/controllers/checker_controller.go:64.2,65.55 2 1
github.com/att-comdev/jarvis-connector/cmd/connector/controllers/checker_controller.go:69.2,69.18 1 1
github.com/att-comdev/jarvis-connector/cmd/connector/controllers/checker_controller.go:47.16,49.3 1 0
github.com/att-comdev/jarvis-connector/cmd/connector/controllers/checker_controller.go:52.12,54.3 1 0
github.com/att-comdev/jarvis-connector/cmd/connector/controllers/checker_controller.go:60.16,62.3 1 0
github.com/att-comdev/jarvis-connector/cmd/connector/controllers/checker_controller.go:65.55,67.3 1 0
github.com/att-comdev/jarvis-connector/cmd/connector/controllers/checker_controller.go:73.63,79.16 3 1
github.com/att-comdev/jarvis-connector/cmd/connector/controllers/checker_controller.go:83.2,84.49 2 1
github.com/att-comdev/jarvis-connector/cmd/connector/controllers/checker_controller.go:88.2,89.24 2 1
github.com/att-comdev/jarvis-connector/cmd/connector/controllers/checker_controller.go:100.2,100.31 1 1
github.com/att-comdev/jarvis-connector/cmd/connector/controllers/checker_controller.go:108.2,108.12 1 1
github.com/att-comdev/jarvis-connector/cmd/connector/controllers/checker_controller.go:79.16,81.3 1 0
github.com/att-comdev/jarvis-connector/cmd/connector/controllers/checker_controller.go:84.49,86.3 1 0
github.com/att-comdev/jarvis-connector/cmd/connector/controllers/checker_controller.go:89.24,90.52 1 1
github.com/att-comdev/jarvis-connector/cmd/connector/controllers/checker_controller.go:93.3,93.65 1 1
github.com/att-comdev/jarvis-connector/cmd/connector/controllers/checker_controller.go:97.3,97.33 1 1
github.com/att-comdev/jarvis-connector/cmd/connector/controllers/checker_controller.go:90.52,91.12 1 0
github.com/att-comdev/jarvis-connector/cmd/connector/controllers/checker_controller.go:93.65,94.12 1 0
github.com/att-comdev/jarvis-connector/cmd/connector/controllers/checker_controller.go:100.31,102.17 2 1
github.com/att-comdev/jarvis-connector/cmd/connector/controllers/checker_controller.go:105.3,105.46 1 1
github.com/att-comdev/jarvis-connector/cmd/connector/controllers/checker_controller.go:102.17,104.4 1 0
github.com/att-comdev/jarvis-connector/cmd/connector/controllers/connector_controller.go:31.57,32.41 1 0
github.com/att-comdev/jarvis-connector/cmd/connector/controllers/connector_controller.go:32.41,34.64 1 0
github.com/att-comdev/jarvis-connector/cmd/connector/controllers/connector_controller.go:34.64,36.4 1 0
github.com/att-comdev/jarvis-connector/cmd/connector/controllers/connector_controller.go:41.58,42.42 1 0
github.com/att-comdev/jarvis-connector/cmd/connector/controllers/connector_controller.go:42.42,44.67 1 0
github.com/att-comdev/jarvis-connector/cmd/connector/controllers/connector_controller.go:44.67,46.4 1 0
github.com/att-comdev/jarvis-connector/cmd/connector/controllers/connector_controller.go:52.58,53.6 1 0
github.com/att-comdev/jarvis-connector/cmd/connector/controllers/connector_controller.go:53.6,57.3 2 0
github.com/att-comdev/jarvis-connector/cmd/connector/controllers/connector_controller.go:60.49,63.16 2 1
github.com/att-comdev/jarvis-connector/cmd/connector/controllers/connector_controller.go:77.2,78.16 2 1
github.com/att-comdev/jarvis-connector/cmd/connector/controllers/connector_controller.go:63.16,65.36 2 1
github.com/att-comdev/jarvis-connector/cmd/connector/controllers/connector_controller.go:65.36,66.11 1 0
github.com/att-comdev/jarvis-connector/cmd/connector/controllers/connector_controller.go:67.39,67.39 0 0
github.com/att-comdev/jarvis-connector/cmd/connector/controllers/connector_controller.go:68.12,69.45 1 0
github.com/att-comdev/jarvis-connector/cmd/connector/controllers/connector_controller.go:72.8,74.3 1 0
github.com/att-comdev/jarvis-connector/cmd/connector/controllers/connector_controller.go:78.16,80.41 2 1
github.com/att-comdev/jarvis-connector/cmd/connector/controllers/connector_controller.go:80.41,81.11 1 0
github.com/att-comdev/jarvis-connector/cmd/connector/controllers/connector_controller.go:82.40,82.40 0 0
github.com/att-comdev/jarvis-connector/cmd/connector/controllers/connector_controller.go:83.12,84.50 1 0
github.com/att-comdev/jarvis-connector/cmd/connector/controllers/connector_controller.go:87.8,89.3 1 0
